\BOOKMARK [0][-]{chapter.1}{\376\377\000I\000n\000t\000r\000o\000d\000u\000c\000t\000i\000o\000n}{}% 1
\BOOKMARK [0][-]{chapter.2}{\376\377\000P\000r\000e\000l\000i\000m\000i\000n\000a\000r\000i\000e\000s}{}% 2
\BOOKMARK [1][-]{section.2.1}{\376\377\000B\000o\000t\000n\000e\000t\000s}{chapter.2}% 3
\BOOKMARK [1][-]{section.2.2}{\376\377\000D\000o\000m\000a\000i\000n\000\040\000G\000e\000n\000e\000r\000a\000t\000e\000d\000\040\000A\000l\000g\000o\000r\000i\000t\000h\000m}{chapter.2}% 4
\BOOKMARK [1][-]{section.2.3}{\376\377\000M\000a\000c\000h\000i\000n\000e\000\040\000L\000e\000a\000r\000n\000i\000n\000g}{chapter.2}% 5
\BOOKMARK [1][-]{section.2.4}{\376\377\000N\000e\000u\000r\000a\000l\000\040\000N\000e\000t\000w\000o\000r\000k\000s}{chapter.2}% 6
\BOOKMARK [1][-]{section.2.5}{\376\377\000A\000c\000t\000i\000v\000a\000t\000i\000o\000n\000\040\000F\000u\000n\000c\000t\000i\000o\000n\000s}{chapter.2}% 7
\BOOKMARK [2][-]{subsection.2.5.1}{\376\377\000R\000e\000L\000U\000\040\000A\000c\000t\000i\000v\000a\000t\000i\000o\000n\000\040\000F\000u\000n\000c\000t\000i\000o\000n}{section.2.5}% 8
\BOOKMARK [2][-]{subsection.2.5.2}{\376\377\000S\000i\000g\000m\000o\000i\000d\000\040\000A\000c\000t\000i\000v\000a\000t\000i\000o\000n\000\040\000F\000u\000n\000c\000t\000i\000o\000n}{section.2.5}% 9
\BOOKMARK [2][-]{subsection.2.5.3}{\376\377\000T\000a\000n\000h\000\040\000A\000c\000t\000i\000v\000a\000t\000i\000o\000n\000\040\000F\000u\000n\000c\000t\000i\000o\000n}{section.2.5}% 10
\BOOKMARK [1][-]{section.2.6}{\376\377\000R\000e\000c\000u\000r\000r\000e\000n\000t\000\040\000N\000e\000u\000r\000a\000l\000\040\000N\000e\000t\000w\000o\000r\000k\000s}{chapter.2}% 11
\BOOKMARK [2][-]{subsection.2.6.1}{\376\377\000V\000a\000n\000i\000s\000h\000i\000n\000g\000\040\000G\000r\000a\000d\000i\000e\000n\000t\000\040\000p\000r\000o\000b\000l\000e\000m}{section.2.6}% 12
\BOOKMARK [2][-]{subsection.2.6.2}{\376\377\000L\000S\000T\000M}{section.2.6}% 13
\BOOKMARK [1][-]{section.2.7}{\376\377\000T\000r\000a\000n\000s\000f\000o\000r\000m\000e\000r\000s}{chapter.2}% 14
\BOOKMARK [2][-]{subsection.2.7.1}{\376\377\000B\000E\000R\000T}{section.2.7}% 15
\BOOKMARK [0][-]{chapter.3}{\376\377\000R\000e\000s\000e\000a\000r\000c\000h}{}% 16
\BOOKMARK [1][-]{section.3.1}{\376\377\000S\000y\000s\000t\000e\000m\000\040\000A\000r\000c\000h\000i\000t\000e\000c\000t\000u\000r\000e}{chapter.3}% 17
\BOOKMARK [1][-]{section.3.2}{\376\377\000D\000a\000t\000a\000s\000e\000t\000s}{chapter.3}% 18
\BOOKMARK [1][-]{section.3.3}{\376\377\000D\000i\000s\000t\000i\000l\000B\000E\000R\000T\000\040\000D\000e\000t\000e\000c\000t\000o\000r}{chapter.3}% 19
\BOOKMARK [2][-]{subsection.3.3.1}{\376\377\000L\000e\000a\000r\000n\000i\000n\000g\000\040\000R\000a\000t\000e}{section.3.3}% 20
\BOOKMARK [1][-]{section.3.4}{\376\377\000M\000e\000t\000r\000i\000c\000s\000\040\000F\000o\000r\000\040\000V\000a\000l\000i\000d\000a\000t\000i\000o\000n}{chapter.3}% 21
\BOOKMARK [1][-]{section.3.5}{\376\377\000E\000x\000p\000e\000r\000i\000m\000e\000n\000t}{chapter.3}% 22
\BOOKMARK [1][-]{section.3.6}{\376\377\000C\000o\000m\000p\000a\000r\000i\000s\000o\000n}{chapter.3}% 23
\BOOKMARK [0][-]{chapter.4}{\376\377\000R\000e\000l\000a\000t\000e\000d\000\040\000W\000o\000r\000k}{}% 24
\BOOKMARK [1][-]{section.4.1}{\376\377\000C\000o\000n\000t\000r\000i\000b\000u\000t\000i\000o\000n}{chapter.4}% 25
\BOOKMARK [0][-]{chapter.5}{\376\377\000C\000o\000n\000c\000l\000u\000s\000i\000o\000n\000s}{}% 26
\BOOKMARK [0][-]{appendix.A}{\376\377\000A\000p\000p\000e\000n\000d\000i\000x}{}% 27
